<?xml version="1.0" encoding="UTF-8"?>
<robot generator="Robot 5.0.1 (Python 3.10.7 on win32)" generated="20220911 01:03:36.319" rpa="false" schemaversion="3">
<suite id="s1" name="Pagenavigation" source="C:\Users\estradar\Desktop\Test Automation\development\r-shop-tests\tests\pagenavigation.robot">
<test id="s1-t1" name="User should be able to navigate the &quot;Home&quot; page" line="11">
<kw name="Begin Web Test" library="Common" type="SETUP">
<kw name="Open Browser" library="SeleniumLibrary">
<arg>about:blank</arg>
<arg>${BROWSER}</arg>
<doc>Opens a new browser instance to the optional ``url``.</doc>
<msg timestamp="20220911 01:03:36.540" level="INFO">Opening browser 'chrome' to base url 'about:blank'.</msg>
<status status="PASS" starttime="20220911 01:03:36.540" endtime="20220911 01:03:37.982"/>
</kw>
<status status="PASS" starttime="20220911 01:03:36.536" endtime="20220911 01:03:37.982"/>
</kw>
<kw name="Navigate to &quot;Home&quot; Page" library="Navigation">
<kw name="Load" library="LandingPage">
<kw name="Go To" library="SeleniumLibrary">
<arg>${BASE_URL.${ENVIRONMENT}}</arg>
<doc>Navigates the current browser window to the provided ``url``.</doc>
<msg timestamp="20220911 01:03:37.985" level="INFO">Opening url 'http://localhost/r-shop/'</msg>
<status status="PASS" starttime="20220911 01:03:37.984" endtime="20220911 01:03:42.753"/>
</kw>
<kw name="Maximize Browser Window" library="SeleniumLibrary">
<doc>Maximizes current browser window.</doc>
<status status="PASS" starttime="20220911 01:03:42.753" endtime="20220911 01:03:42.880"/>
</kw>
<status status="PASS" starttime="20220911 01:03:37.983" endtime="20220911 01:03:42.880"/>
</kw>
<kw name="Verify Page Loaded" library="LandingPage">
<kw name="Wait Until Page Contains" library="SeleniumLibrary">
<arg>Home</arg>
<doc>Waits until ``text`` appears on the current page.</doc>
<status status="PASS" starttime="20220911 01:03:42.880" endtime="20220911 01:03:42.936"/>
</kw>
<status status="PASS" starttime="20220911 01:03:42.880" endtime="20220911 01:03:42.936"/>
</kw>
<kw name="Navigate to &quot;Home&quot; Page" library="TopNav">
<kw name="Wait Until Element Is Visible" library="SeleniumLibrary">
<arg>${HOME_NAV}</arg>
<doc>Waits until the element ``locator`` is visible.</doc>
<status status="PASS" starttime="20220911 01:03:42.938" endtime="20220911 01:03:43.028"/>
</kw>
<kw name="Click Element" library="SeleniumLibrary">
<arg>${HOME_NAV}</arg>
<doc>Click the element identified by ``locator``.</doc>
<msg timestamp="20220911 01:03:43.029" level="INFO">Clicking element 'xpath=//*[@id="menu-item-1147"]/a'.</msg>
<status status="PASS" starttime="20220911 01:03:43.028" endtime="20220911 01:03:44.373"/>
</kw>
<kw name="Wait Until Page Contains" library="SeleniumLibrary">
<arg>Home</arg>
<doc>Waits until ``text`` appears on the current page.</doc>
<status status="PASS" starttime="20220911 01:03:44.373" endtime="20220911 01:03:44.391"/>
</kw>
<status status="PASS" starttime="20220911 01:03:42.937" endtime="20220911 01:03:44.391"/>
</kw>
<status status="PASS" starttime="20220911 01:03:37.983" endtime="20220911 01:03:44.391"/>
</kw>
<kw name="End Web Test" library="Common" type="TEARDOWN">
<kw name="Close All Browsers" library="SeleniumLibrary">
<doc>Closes all open browsers and resets the browser cache.</doc>
<status status="PASS" starttime="20220911 01:03:44.392" endtime="20220911 01:03:46.661"/>
</kw>
<status status="PASS" starttime="20220911 01:03:44.392" endtime="20220911 01:03:46.661"/>
</kw>
<tag>currenttest</tag>
<tag>Home</tag>
<status status="PASS" starttime="20220911 01:03:36.536" endtime="20220911 01:03:46.661"/>
</test>
<doc>This Test Suite verifies if all pages are accessible by all users.</doc>
<status status="PASS" starttime="20220911 01:03:36.319" endtime="20220911 01:03:46.661"/>
</suite>
<statistics>
<total>
<stat pass="1" fail="0" skip="0">All Tests</stat>
</total>
<tag>
<stat pass="1" fail="0" skip="0">currenttest</stat>
<stat pass="1" fail="0" skip="0">Home</stat>
</tag>
<suite>
<stat pass="1" fail="0" skip="0" id="s1" name="Pagenavigation">Pagenavigation</stat>
</suite>
</statistics>
<errors>
</errors>
</robot>
