<?xml version="1.0" encoding="UTF-8"?>
<robot generator="Robot 5.0.1 (Python 3.10.7 on win32)" generated="20220913 21:19:32.625" rpa="false" schemaversion="3">
<suite id="s1" name="Login" source="C:\Users\estradar\Desktop\Test Automation\development\r-shop-tests\tests\login.robot">
<test id="s1-t1" name="Should see correct error messages with invalid logins" line="33">
<kw name="Begin Web Test" library="Common" type="SETUP">
<kw name="Open Browser" library="SeleniumLibrary">
<arg>about:blank</arg>
<arg>${BROWSER}</arg>
<doc>Opens a new browser instance to the optional ``url``.</doc>
<msg timestamp="20220913 21:19:32.842" level="INFO">Opening browser 'chrome' to base url 'about:blank'.</msg>
<status status="PASS" starttime="20220913 21:19:32.841" endtime="20220913 21:19:34.158"/>
</kw>
<status status="PASS" starttime="20220913 21:19:32.841" endtime="20220913 21:19:34.158"/>
</kw>
<kw name="Get CSV Data" library="DataManager">
<var>${InvalidLoginScenarios}</var>
<arg>${INVALID_CREDENTIALS_PATH_CSV}</arg>
<kw name="Read Csv File" library="Csv">
<var>${Data}</var>
<arg>${FilePath}</arg>
<msg timestamp="20220913 21:19:34.161" level="INFO">${Data} = [['jan123@test.com', 'Password123456478125!', "''"], ['admin', 'Password12345!', 'Unknown email address. Check again or try your username.'], ['someone@notregistered.com', 'TestPassword!', 'The passwo...</msg>
<status status="PASS" starttime="20220913 21:19:34.160" endtime="20220913 21:19:34.161"/>
</kw>
<msg timestamp="20220913 21:19:34.162" level="INFO">${InvalidLoginScenarios} = [['jan123@test.com', 'Password123456478125!', "''"], ['admin', 'Password12345!', 'Unknown email address. Check again or try your username.'], ['someone@notregistered.com', 'TestPassword!', 'The passwo...</msg>
<status status="PASS" starttime="20220913 21:19:34.159" endtime="20220913 21:19:34.162"/>
</kw>
<kw name="Login with Many Invalid Credentials" library="Login">
<arg>${InvalidLoginScenarios}</arg>
<for flavor="IN">
<var>${LoginScenario}</var>
<value>${InvalidLoginScenarios}</value>
<iter>
<var name="${LoginScenario}">[['jan123@test.com', 'Password123456478125!', "''"], ['admin', 'Password12345!', 'Unknown email address. Check again or try your username.'], ['someone@notregistered.com', 'TestPassword!', 'The passwo...</var>
<kw name="Navigate to &quot;My Accounts&quot; Page" library="Navigation">
<kw name="Load" library="LandingPage">
<kw name="Catenate" library="BuiltIn">
<var>${url}</var>
<arg>SEPARATOR=/</arg>
<arg>${BASE_URL.${ENVIRONMENT}}</arg>
<doc>Catenates the given items together and returns the resulted string.</doc>
<msg timestamp="20220913 21:19:34.165" level="INFO">${url} = http://localhost/r-shop/</msg>
<status status="PASS" starttime="20220913 21:19:34.163" endtime="20220913 21:19:34.165"/>
</kw>
<kw name="Go To" library="SeleniumLibrary">
<arg>${BASE_URL.${ENVIRONMENT}}</arg>
<doc>Navigates the current browser window to the provided ``url``.</doc>
<msg timestamp="20220913 21:19:34.165" level="INFO">Opening url 'http://localhost/r-shop/'</msg>
<status status="PASS" starttime="20220913 21:19:34.165" endtime="20220913 21:19:37.309"/>
</kw>
<kw name="Maximize Browser Window" library="SeleniumLibrary">
<doc>Maximizes current browser window.</doc>
<status status="PASS" starttime="20220913 21:19:37.309" endtime="20220913 21:19:37.442"/>
</kw>
<status status="PASS" starttime="20220913 21:19:34.163" endtime="20220913 21:19:37.443"/>
</kw>
<kw name="Navigate to &quot;My Accounts&quot; Page" library="TopNav">
<kw name="Wait Until Element Is Visible" library="SeleniumLibrary">
<arg>${MY_ACCOUNT_NAV}</arg>
<doc>Waits until the element ``locator`` is visible.</doc>
<status status="PASS" starttime="20220913 21:19:37.443" endtime="20220913 21:19:37.498"/>
</kw>
<kw name="Click Element" library="SeleniumLibrary">
<arg>${MY_ACCOUNT_NAV}</arg>
<doc>Click the element identified by ``locator``.</doc>
<msg timestamp="20220913 21:19:37.500" level="INFO">Clicking element 'xpath=//*[@id="masthead"]/div[3]/div/div[2]/div[2]/a'.</msg>
<status status="PASS" starttime="20220913 21:19:37.499" endtime="20220913 21:19:38.603"/>
</kw>
<kw name="Wait Until Page Contains" library="SeleniumLibrary">
<arg>My Account</arg>
<doc>Waits until ``text`` appears on the current page.</doc>
<status status="PASS" starttime="20220913 21:19:38.603" endtime="20220913 21:19:38.693"/>
</kw>
<status status="PASS" starttime="20220913 21:19:37.443" endtime="20220913 21:19:38.693"/>
</kw>
<status status="PASS" starttime="20220913 21:19:34.163" endtime="20220913 21:19:38.694"/>
</kw>
<kw name="Attempt Login" library="Login">
<arg>${LoginScenario}</arg>
<kw name="Enter Credentials" library="Login">
<arg>${Credentials}</arg>
<kw name="Run Keyword Unless" library="BuiltIn">
<arg>${Credentials[0]} == "#BLANK"</arg>
<arg>Input Text</arg>
<arg>${LOGIN_EMAIL_INPUT}</arg>
<arg>${Credentials[0]}</arg>
<doc>*DEPRECATED since RF 5.0. Use Native IF/ELSE or `Run Keyword If` instead.*</doc>
<msg timestamp="20220913 21:19:38.695" level="WARN">Keyword 'BuiltIn.Run Keyword Unless' is deprecated. </msg>
<kw name="Input Text" library="SeleniumLibrary">
<arg>${LOGIN_EMAIL_INPUT}</arg>
<arg>${Credentials[0]}</arg>
<doc>Types the given ``text`` into the text field identified by ``locator``.</doc>
<msg timestamp="20220913 21:19:38.697" level="INFO">Typing text '['jan123@test.com', 'Password123456478125!', "''"]' into text field 'xpath=//*[@id="username"]'.</msg>
<status status="PASS" starttime="20220913 21:19:38.696" endtime="20220913 21:19:38.852"/>
</kw>
<status status="PASS" starttime="20220913 21:19:38.695" endtime="20220913 21:19:38.852"/>
</kw>
<kw name="Run Keyword Unless" library="BuiltIn">
<arg>${Credentials[1]} == "#BLANK"</arg>
<arg>Input Text</arg>
<arg>${LOGIN_PASSWORD_INPUT}</arg>
<arg>${Credentials[1]}</arg>
<doc>*DEPRECATED since RF 5.0. Use Native IF/ELSE or `Run Keyword If` instead.*</doc>
<msg timestamp="20220913 21:19:38.852" level="WARN">Keyword 'BuiltIn.Run Keyword Unless' is deprecated. </msg>
<kw name="Input Text" library="SeleniumLibrary">
<arg>${LOGIN_PASSWORD_INPUT}</arg>
<arg>${Credentials[1]}</arg>
<doc>Types the given ``text`` into the text field identified by ``locator``.</doc>
<msg timestamp="20220913 21:19:38.855" level="INFO">Typing text '['admin', 'Password12345!', 'Unknown email address. Check again or try your username.']' into text field 'xpath=//*[@id="password"]'.</msg>
<status status="PASS" starttime="20220913 21:19:38.854" endtime="20220913 21:19:39.025"/>
</kw>
<status status="PASS" starttime="20220913 21:19:38.852" endtime="20220913 21:19:39.025"/>
</kw>
<status status="PASS" starttime="20220913 21:19:38.694" endtime="20220913 21:19:39.025"/>
</kw>
<kw name="Click Submit" library="Login">
<kw name="Click Button" library="SeleniumLibrary">
<arg>${LOGIN_BUTTON}</arg>
<doc>Clicks the button identified by ``locator``.</doc>
<msg timestamp="20220913 21:19:39.025" level="INFO">Clicking button 'xpath=//*[@id="customer_login"]/div[1]/form/p[3]/button'.</msg>
<status status="PASS" starttime="20220913 21:19:39.025" endtime="20220913 21:19:39.955"/>
</kw>
<status status="PASS" starttime="20220913 21:19:39.025" endtime="20220913 21:19:39.956"/>
</kw>
<kw name="Sleep" library="BuiltIn">
<arg>2s</arg>
<doc>Pauses the test executed for the given time.</doc>
<msg timestamp="20220913 21:19:41.965" level="INFO">Slept 2 seconds</msg>
<status status="PASS" starttime="20220913 21:19:39.956" endtime="20220913 21:19:41.965"/>
</kw>
<status status="PASS" starttime="20220913 21:19:38.694" endtime="20220913 21:19:41.965"/>
</kw>
<kw name="Verify Login Page Error Message" library="Login">
<arg>${LoginScenario}</arg>
<kw name="Verify Error Message" library="Login">
<arg>${ExpectedErrorMessage}</arg>
<kw name="Page Should Contain" library="SeleniumLibrary">
<arg>${ExpectedErrorMessage[2]}</arg>
<doc>Verifies that current page contains ``text``.</doc>
<msg timestamp="20220913 21:19:42.125" level="INFO" html="true">&lt;/td&gt;&lt;/tr&gt;&lt;tr&gt;&lt;td colspan="3"&gt;&lt;a href="selenium-screenshot-3.png"&gt;&lt;img src="selenium-screenshot-3.png" width="800px"&gt;&lt;/a&gt;</msg>
<msg timestamp="20220913 21:19:42.130" level="FAIL">Page should have contained text '['someone@notregistered.com', 'TestPassword!', 'The password you entered for the username someone@notregistered.com is incorrect. Lost your password?\t']' but did not.</msg>
<status status="FAIL" starttime="20220913 21:19:41.965" endtime="20220913 21:19:42.130"/>
</kw>
<status status="FAIL" starttime="20220913 21:19:41.965" endtime="20220913 21:19:42.130"/>
</kw>
<status status="FAIL" starttime="20220913 21:19:41.965" endtime="20220913 21:19:42.130"/>
</kw>
<status status="FAIL" starttime="20220913 21:19:34.163" endtime="20220913 21:19:42.130"/>
</iter>
<status status="FAIL" starttime="20220913 21:19:34.162" endtime="20220913 21:19:42.130"/>
</for>
<status status="FAIL" starttime="20220913 21:19:34.162" endtime="20220913 21:19:42.130"/>
</kw>
<kw name="End Web Test" library="Common" type="TEARDOWN">
<kw name="Close All Browsers" library="SeleniumLibrary">
<doc>Closes all open browsers and resets the browser cache.</doc>
<status status="PASS" starttime="20220913 21:19:42.130" endtime="20220913 21:19:44.359"/>
</kw>
<status status="PASS" starttime="20220913 21:19:42.130" endtime="20220913 21:19:44.359"/>
</kw>
<tag>current</tag>
<tag>Login</tag>
<status status="FAIL" starttime="20220913 21:19:32.841" endtime="20220913 21:19:44.359">Page should have contained text '['someone@notregistered.com', 'TestPassword!', 'The password you entered for the username someone@notregistered.com is incorrect. Lost your password?\t']' but did not.</status>
</test>
<doc>This Test Suite includes all test cases for Login functionality.</doc>
<status status="FAIL" starttime="20220913 21:19:32.625" endtime="20220913 21:19:44.359"/>
</suite>
<statistics>
<total>
<stat pass="0" fail="1" skip="0">All Tests</stat>
</total>
<tag>
<stat pass="0" fail="1" skip="0">current</stat>
<stat pass="0" fail="1" skip="0">Login</stat>
</tag>
<suite>
<stat pass="0" fail="1" skip="0" id="s1" name="Login">Login</stat>
</suite>
</statistics>
<errors>
<msg timestamp="20220913 21:19:38.695" level="WARN">Keyword 'BuiltIn.Run Keyword Unless' is deprecated. </msg>
<msg timestamp="20220913 21:19:38.852" level="WARN">Keyword 'BuiltIn.Run Keyword Unless' is deprecated. </msg>
</errors>
</robot>
