<?xml version="1.0" encoding="UTF-8"?>
<robot generator="Robot 5.0.1 (Python 3.10.7 on win32)" generated="20220911 15:47:32.142" rpa="false" schemaversion="3">
<suite id="s1" name="Pagenavigation" source="C:\Users\estradar\Desktop\Test Automation\development\r-shop-tests\tests\pagenavigation.robot">
<test id="s1-t1" name="User should be able to navigate the &quot;Home&quot; page" line="11">
<kw name="Begin Web Test" library="Common" type="SETUP">
<kw name="Open Browser" library="SeleniumLibrary">
<arg>about:blank</arg>
<arg>${BROWSER}</arg>
<arg>remote_url=${REMOTE_URL}</arg>
<arg>desired_capabilities=${DESIRED_CAPABILITIES}</arg>
<doc>Opens a new browser instance to the optional ``url``.</doc>
<msg timestamp="20220911 15:47:32.418" level="INFO">Opening browser 'chrome' to base url 'about:blank' through remote server at 'https://oauth-estradarichard1995-74e6a:94f3f937-e0c9-4b4a-82b6-bc4ae50187d9@ondemand.eu-central-1.saucelabs.com:443/wd/hub'.</msg>
<status status="PASS" starttime="20220911 15:47:32.417" endtime="20220911 15:47:41.926"/>
</kw>
<status status="PASS" starttime="20220911 15:47:32.417" endtime="20220911 15:47:41.926"/>
</kw>
<kw name="Navigate to &quot;Home&quot; Page" library="Navigation">
<kw name="Load" library="LandingPage">
<kw name="Go To" library="SeleniumLibrary">
<arg>${BASE_URL.${ENVIRONMENT}}</arg>
<doc>Navigates the current browser window to the provided ``url``.</doc>
<msg timestamp="20220911 15:47:41.928" level="INFO">Opening url 'http://localhost/r-shop/'</msg>
<status status="PASS" starttime="20220911 15:47:41.927" endtime="20220911 15:47:43.437"/>
</kw>
<kw name="Maximize Browser Window" library="SeleniumLibrary">
<doc>Maximizes current browser window.</doc>
<status status="PASS" starttime="20220911 15:47:43.437" endtime="20220911 15:47:43.702"/>
</kw>
<status status="PASS" starttime="20220911 15:47:41.927" endtime="20220911 15:47:43.702"/>
</kw>
<kw name="Verify Page Loaded" library="LandingPage">
<kw name="Wait Until Page Contains" library="SeleniumLibrary">
<arg>Home</arg>
<doc>Waits until ``text`` appears on the current page.</doc>
<msg timestamp="20220911 15:47:51.968" level="INFO" html="true">&lt;/td&gt;&lt;/tr&gt;&lt;tr&gt;&lt;td colspan="3"&gt;&lt;a href="selenium-screenshot-2.png"&gt;&lt;img src="selenium-screenshot-2.png" width="800px"&gt;&lt;/a&gt;</msg>
<msg timestamp="20220911 15:47:51.968" level="FAIL">Text 'Home' did not appear in 5 seconds.</msg>
<status status="FAIL" starttime="20220911 15:47:43.702" endtime="20220911 15:47:51.968"/>
</kw>
<status status="FAIL" starttime="20220911 15:47:43.702" endtime="20220911 15:47:51.968"/>
</kw>
<kw name="Navigate to &quot;Home&quot; Page" library="TopNav">
<status status="NOT RUN" starttime="20220911 15:47:51.968" endtime="20220911 15:47:51.968"/>
</kw>
<status status="FAIL" starttime="20220911 15:47:41.927" endtime="20220911 15:47:51.968"/>
</kw>
<kw name="End Web Test" library="Common" type="TEARDOWN">
<kw name="Run Keyword If" library="BuiltIn">
<arg>'${REMOTE_URL}' != ''</arg>
<arg>Update Saucelabs Test Result</arg>
<arg>${SUITE_NAME} | ${TEST_NAME}</arg>
<arg>${TEST_STATUS}</arg>
<arg>${TEST_TAGS}</arg>
<arg>${REMOTE_URL}</arg>
<doc>Runs the given keyword with the given arguments, if ``condition`` is true.</doc>
<kw name="Update Saucelabs Test Result">
<arg>${SUITE_NAME} | ${TEST_NAME}</arg>
<arg>${TEST_STATUS}</arg>
<arg>${TEST_TAGS}</arg>
<arg>${REMOTE_URL}</arg>
<msg timestamp="20220911 15:47:51.968" level="FAIL">No keyword with name 'Update Saucelabs Test Result' found.</msg>
<status status="FAIL" starttime="20220911 15:47:51.968" endtime="20220911 15:47:51.968"/>
</kw>
<status status="FAIL" starttime="20220911 15:47:51.968" endtime="20220911 15:47:51.968"/>
</kw>
<kw name="Close All Browsers" library="SeleniumLibrary">
<doc>Closes all open browsers and resets the browser cache.</doc>
<status status="PASS" starttime="20220911 15:47:51.968" endtime="20220911 15:47:52.332"/>
</kw>
<status status="FAIL" starttime="20220911 15:47:51.968" endtime="20220911 15:47:52.332">No keyword with name 'Update Saucelabs Test Result' found.</status>
</kw>
<tag>currenttest</tag>
<tag>Home</tag>
<status status="FAIL" starttime="20220911 15:47:32.415" endtime="20220911 15:47:52.332">Text 'Home' did not appear in 5 seconds.

Also teardown failed:
No keyword with name 'Update Saucelabs Test Result' found.</status>
</test>
<test id="s1-t2" name="User should be able to navigate the &quot;Shop&quot; page" line="15">
<kw name="Begin Web Test" library="Common" type="SETUP">
<kw name="Open Browser" library="SeleniumLibrary">
<arg>about:blank</arg>
<arg>${BROWSER}</arg>
<arg>remote_url=${REMOTE_URL}</arg>
<arg>desired_capabilities=${DESIRED_CAPABILITIES}</arg>
<doc>Opens a new browser instance to the optional ``url``.</doc>
<msg timestamp="20220911 15:47:52.332" level="INFO">Opening browser 'chrome' to base url 'about:blank' through remote server at 'https://oauth-estradarichard1995-74e6a:94f3f937-e0c9-4b4a-82b6-bc4ae50187d9@ondemand.eu-central-1.saucelabs.com:443/wd/hub'.</msg>
<status status="PASS" starttime="20220911 15:47:52.332" endtime="20220911 15:48:00.081"/>
</kw>
<status status="PASS" starttime="20220911 15:47:52.332" endtime="20220911 15:48:00.081"/>
</kw>
<kw name="Navigate to &quot;Shop&quot; Page" library="Navigation">
<kw name="Load" library="LandingPage">
<kw name="Go To" library="SeleniumLibrary">
<arg>${BASE_URL.${ENVIRONMENT}}</arg>
<doc>Navigates the current browser window to the provided ``url``.</doc>
<msg timestamp="20220911 15:48:00.081" level="INFO">Opening url 'http://localhost/r-shop/'</msg>
<status status="PASS" starttime="20220911 15:48:00.081" endtime="20220911 15:48:01.023"/>
</kw>
<kw name="Maximize Browser Window" library="SeleniumLibrary">
<doc>Maximizes current browser window.</doc>
<status status="PASS" starttime="20220911 15:48:01.023" endtime="20220911 15:48:01.291"/>
</kw>
<status status="PASS" starttime="20220911 15:48:00.081" endtime="20220911 15:48:01.291"/>
</kw>
<kw name="Navigate to &quot;Shop&quot; Page" library="TopNav">
<kw name="Wait Until Element Is Visible" library="SeleniumLibrary">
<arg>${SHOP_NAV}</arg>
<doc>Waits until the element ``locator`` is visible.</doc>
<msg timestamp="20220911 15:48:07.182" level="INFO" html="true">&lt;/td&gt;&lt;/tr&gt;&lt;tr&gt;&lt;td colspan="3"&gt;&lt;a href="selenium-screenshot-3.png"&gt;&lt;img src="selenium-screenshot-3.png" width="800px"&gt;&lt;/a&gt;</msg>
<msg timestamp="20220911 15:48:07.182" level="FAIL">Element 'xpath=//*[@id="menu-item-1129"]/a' not visible after 5 seconds.</msg>
<status status="FAIL" starttime="20220911 15:48:01.291" endtime="20220911 15:48:07.182"/>
</kw>
<kw name="Click Element" library="SeleniumLibrary">
<arg>${SHOP_NAV}</arg>
<doc>Click the element identified by ``locator``.</doc>
<status status="NOT RUN" starttime="20220911 15:48:07.182" endtime="20220911 15:48:07.182"/>
</kw>
<kw name="Wait Until Page Contains" library="SeleniumLibrary">
<arg>Shop</arg>
<doc>Waits until ``text`` appears on the current page.</doc>
<status status="NOT RUN" starttime="20220911 15:48:07.182" endtime="20220911 15:48:07.182"/>
</kw>
<status status="FAIL" starttime="20220911 15:48:01.291" endtime="20220911 15:48:07.182"/>
</kw>
<kw name="Verify Page Loaded" library="Shop">
<status status="NOT RUN" starttime="20220911 15:48:07.182" endtime="20220911 15:48:07.182"/>
</kw>
<status status="FAIL" starttime="20220911 15:48:00.081" endtime="20220911 15:48:07.182"/>
</kw>
<kw name="End Web Test" library="Common" type="TEARDOWN">
<kw name="Run Keyword If" library="BuiltIn">
<arg>'${REMOTE_URL}' != ''</arg>
<arg>Update Saucelabs Test Result</arg>
<arg>${SUITE_NAME} | ${TEST_NAME}</arg>
<arg>${TEST_STATUS}</arg>
<arg>${TEST_TAGS}</arg>
<arg>${REMOTE_URL}</arg>
<doc>Runs the given keyword with the given arguments, if ``condition`` is true.</doc>
<kw name="Update Saucelabs Test Result">
<arg>${SUITE_NAME} | ${TEST_NAME}</arg>
<arg>${TEST_STATUS}</arg>
<arg>${TEST_TAGS}</arg>
<arg>${REMOTE_URL}</arg>
<msg timestamp="20220911 15:48:07.182" level="FAIL">No keyword with name 'Update Saucelabs Test Result' found.</msg>
<status status="FAIL" starttime="20220911 15:48:07.182" endtime="20220911 15:48:07.182"/>
</kw>
<status status="FAIL" starttime="20220911 15:48:07.182" endtime="20220911 15:48:07.182"/>
</kw>
<kw name="Close All Browsers" library="SeleniumLibrary">
<doc>Closes all open browsers and resets the browser cache.</doc>
<status status="PASS" starttime="20220911 15:48:07.182" endtime="20220911 15:48:07.562"/>
</kw>
<status status="FAIL" starttime="20220911 15:48:07.182" endtime="20220911 15:48:07.562">No keyword with name 'Update Saucelabs Test Result' found.</status>
</kw>
<tag>current</tag>
<tag>Shop</tag>
<status status="FAIL" starttime="20220911 15:47:52.332" endtime="20220911 15:48:07.562">Element 'xpath=//*[@id="menu-item-1129"]/a' not visible after 5 seconds.

Also teardown failed:
No keyword with name 'Update Saucelabs Test Result' found.</status>
</test>
<test id="s1-t3" name="User should be able to navigate the &quot;Wishlist&quot; page" line="19">
<kw name="Begin Web Test" library="Common" type="SETUP">
<kw name="Open Browser" library="SeleniumLibrary">
<arg>about:blank</arg>
<arg>${BROWSER}</arg>
<arg>remote_url=${REMOTE_URL}</arg>
<arg>desired_capabilities=${DESIRED_CAPABILITIES}</arg>
<doc>Opens a new browser instance to the optional ``url``.</doc>
<msg timestamp="20220911 15:48:07.562" level="INFO">Opening browser 'chrome' to base url 'about:blank' through remote server at 'https://oauth-estradarichard1995-74e6a:94f3f937-e0c9-4b4a-82b6-bc4ae50187d9@ondemand.eu-central-1.saucelabs.com:443/wd/hub'.</msg>
<status status="PASS" starttime="20220911 15:48:07.562" endtime="20220911 15:48:15.480"/>
</kw>
<status status="PASS" starttime="20220911 15:48:07.562" endtime="20220911 15:48:15.480"/>
</kw>
<kw name="Navigate to &quot;Wishlist&quot; Page" library="Navigation">
<kw name="Load" library="LandingPage">
<kw name="Go To" library="SeleniumLibrary">
<arg>${BASE_URL.${ENVIRONMENT}}</arg>
<doc>Navigates the current browser window to the provided ``url``.</doc>
<msg timestamp="20220911 15:48:15.480" level="INFO">Opening url 'http://localhost/r-shop/'</msg>
<status status="PASS" starttime="20220911 15:48:15.480" endtime="20220911 15:48:16.403"/>
</kw>
<kw name="Maximize Browser Window" library="SeleniumLibrary">
<doc>Maximizes current browser window.</doc>
<status status="PASS" starttime="20220911 15:48:16.403" endtime="20220911 15:48:16.670"/>
</kw>
<status status="PASS" starttime="20220911 15:48:15.480" endtime="20220911 15:48:16.670"/>
</kw>
<kw name="Navigate to &quot;Wishlist&quot; Page" library="TopNav">
<kw name="Wait Until Element Is Visible" library="SeleniumLibrary">
<arg>${WISHLIST_NAV}</arg>
<doc>Waits until the element ``locator`` is visible.</doc>
<msg timestamp="20220911 15:48:22.468" level="INFO" html="true">&lt;/td&gt;&lt;/tr&gt;&lt;tr&gt;&lt;td colspan="3"&gt;&lt;a href="selenium-screenshot-4.png"&gt;&lt;img src="selenium-screenshot-4.png" width="800px"&gt;&lt;/a&gt;</msg>
<msg timestamp="20220911 15:48:22.468" level="FAIL">Element 'xpath=//*[@id="menu-item-1130"]/a' not visible after 5 seconds.</msg>
<status status="FAIL" starttime="20220911 15:48:16.670" endtime="20220911 15:48:22.468"/>
</kw>
<kw name="Click Element" library="SeleniumLibrary">
<arg>${WISHLIST_NAV}</arg>
<doc>Click the element identified by ``locator``.</doc>
<status status="NOT RUN" starttime="20220911 15:48:22.468" endtime="20220911 15:48:22.468"/>
</kw>
<kw name="Wait Until Page Contains" library="SeleniumLibrary">
<arg>Shop</arg>
<doc>Waits until ``text`` appears on the current page.</doc>
<status status="NOT RUN" starttime="20220911 15:48:22.468" endtime="20220911 15:48:22.468"/>
</kw>
<status status="FAIL" starttime="20220911 15:48:16.670" endtime="20220911 15:48:22.468"/>
</kw>
<kw name="Verify Page Loaded" library="Wishlist">
<status status="NOT RUN" starttime="20220911 15:48:22.468" endtime="20220911 15:48:22.468"/>
</kw>
<status status="FAIL" starttime="20220911 15:48:15.480" endtime="20220911 15:48:22.468"/>
</kw>
<kw name="End Web Test" library="Common" type="TEARDOWN">
<kw name="Run Keyword If" library="BuiltIn">
<arg>'${REMOTE_URL}' != ''</arg>
<arg>Update Saucelabs Test Result</arg>
<arg>${SUITE_NAME} | ${TEST_NAME}</arg>
<arg>${TEST_STATUS}</arg>
<arg>${TEST_TAGS}</arg>
<arg>${REMOTE_URL}</arg>
<doc>Runs the given keyword with the given arguments, if ``condition`` is true.</doc>
<kw name="Update Saucelabs Test Result">
<arg>${SUITE_NAME} | ${TEST_NAME}</arg>
<arg>${TEST_STATUS}</arg>
<arg>${TEST_TAGS}</arg>
<arg>${REMOTE_URL}</arg>
<msg timestamp="20220911 15:48:22.468" level="FAIL">No keyword with name 'Update Saucelabs Test Result' found.</msg>
<status status="FAIL" starttime="20220911 15:48:22.468" endtime="20220911 15:48:22.468"/>
</kw>
<status status="FAIL" starttime="20220911 15:48:22.468" endtime="20220911 15:48:22.468"/>
</kw>
<kw name="Close All Browsers" library="SeleniumLibrary">
<doc>Closes all open browsers and resets the browser cache.</doc>
<status status="PASS" starttime="20220911 15:48:22.468" endtime="20220911 15:48:22.860"/>
</kw>
<status status="FAIL" starttime="20220911 15:48:22.468" endtime="20220911 15:48:22.860">No keyword with name 'Update Saucelabs Test Result' found.</status>
</kw>
<tag>Wishlist</tag>
<status status="FAIL" starttime="20220911 15:48:07.562" endtime="20220911 15:48:22.860">Element 'xpath=//*[@id="menu-item-1130"]/a' not visible after 5 seconds.

Also teardown failed:
No keyword with name 'Update Saucelabs Test Result' found.</status>
</test>
<test id="s1-t4" name="User should be able to navigate the &quot;Collection&quot; page" line="23">
<kw name="Begin Web Test" library="Common" type="SETUP">
<kw name="Open Browser" library="SeleniumLibrary">
<arg>about:blank</arg>
<arg>${BROWSER}</arg>
<arg>remote_url=${REMOTE_URL}</arg>
<arg>desired_capabilities=${DESIRED_CAPABILITIES}</arg>
<doc>Opens a new browser instance to the optional ``url``.</doc>
<msg timestamp="20220911 15:48:22.860" level="INFO">Opening browser 'chrome' to base url 'about:blank' through remote server at 'https://oauth-estradarichard1995-74e6a:94f3f937-e0c9-4b4a-82b6-bc4ae50187d9@ondemand.eu-central-1.saucelabs.com:443/wd/hub'.</msg>
<status status="PASS" starttime="20220911 15:48:22.860" endtime="20220911 15:48:30.889"/>
</kw>
<status status="PASS" starttime="20220911 15:48:22.860" endtime="20220911 15:48:30.889"/>
</kw>
<kw name="Navigate to &quot;Collection&quot; Page" library="Navigation">
<kw name="Load" library="LandingPage">
<kw name="Go To" library="SeleniumLibrary">
<arg>${BASE_URL.${ENVIRONMENT}}</arg>
<doc>Navigates the current browser window to the provided ``url``.</doc>
<msg timestamp="20220911 15:48:30.889" level="INFO">Opening url 'http://localhost/r-shop/'</msg>
<status status="PASS" starttime="20220911 15:48:30.889" endtime="20220911 15:48:32.036"/>
</kw>
<kw name="Maximize Browser Window" library="SeleniumLibrary">
<doc>Maximizes current browser window.</doc>
<status status="PASS" starttime="20220911 15:48:32.036" endtime="20220911 15:48:32.303"/>
</kw>
<status status="PASS" starttime="20220911 15:48:30.889" endtime="20220911 15:48:32.303"/>
</kw>
<kw name="Navigate to &quot;Collection&quot; Page" library="TopNav">
<kw name="Wait Until Element Is Visible" library="SeleniumLibrary">
<arg>${COLLECTION_NAV}</arg>
<doc>Waits until the element ``locator`` is visible.</doc>
<msg timestamp="20220911 15:48:38.681" level="INFO" html="true">&lt;/td&gt;&lt;/tr&gt;&lt;tr&gt;&lt;td colspan="3"&gt;&lt;a href="selenium-screenshot-5.png"&gt;&lt;img src="selenium-screenshot-5.png" width="800px"&gt;&lt;/a&gt;</msg>
<msg timestamp="20220911 15:48:38.681" level="FAIL">Element 'xpath=//*[@id="menu-item-1131"]/a' not visible after 5 seconds.</msg>
<status status="FAIL" starttime="20220911 15:48:32.303" endtime="20220911 15:48:38.681"/>
</kw>
<kw name="Click Element" library="SeleniumLibrary">
<arg>${COLLECTION_NAV}</arg>
<doc>Click the element identified by ``locator``.</doc>
<status status="NOT RUN" starttime="20220911 15:48:38.681" endtime="20220911 15:48:38.681"/>
</kw>
<kw name="Wait Until Page Contains" library="SeleniumLibrary">
<arg>Collection</arg>
<doc>Waits until ``text`` appears on the current page.</doc>
<status status="NOT RUN" starttime="20220911 15:48:38.681" endtime="20220911 15:48:38.681"/>
</kw>
<status status="FAIL" starttime="20220911 15:48:32.303" endtime="20220911 15:48:38.681"/>
</kw>
<kw name="Verify Page Loaded" library="Collection">
<status status="NOT RUN" starttime="20220911 15:48:38.681" endtime="20220911 15:48:38.681"/>
</kw>
<status status="FAIL" starttime="20220911 15:48:30.889" endtime="20220911 15:48:38.681"/>
</kw>
<kw name="End Web Test" library="Common" type="TEARDOWN">
<kw name="Run Keyword If" library="BuiltIn">
<arg>'${REMOTE_URL}' != ''</arg>
<arg>Update Saucelabs Test Result</arg>
<arg>${SUITE_NAME} | ${TEST_NAME}</arg>
<arg>${TEST_STATUS}</arg>
<arg>${TEST_TAGS}</arg>
<arg>${REMOTE_URL}</arg>
<doc>Runs the given keyword with the given arguments, if ``condition`` is true.</doc>
<kw name="Update Saucelabs Test Result">
<arg>${SUITE_NAME} | ${TEST_NAME}</arg>
<arg>${TEST_STATUS}</arg>
<arg>${TEST_TAGS}</arg>
<arg>${REMOTE_URL}</arg>
<msg timestamp="20220911 15:48:38.697" level="FAIL">No keyword with name 'Update Saucelabs Test Result' found.</msg>
<status status="FAIL" starttime="20220911 15:48:38.697" endtime="20220911 15:48:38.697"/>
</kw>
<status status="FAIL" starttime="20220911 15:48:38.681" endtime="20220911 15:48:38.697"/>
</kw>
<kw name="Close All Browsers" library="SeleniumLibrary">
<doc>Closes all open browsers and resets the browser cache.</doc>
<status status="PASS" starttime="20220911 15:48:38.697" endtime="20220911 15:48:39.152"/>
</kw>
<status status="FAIL" starttime="20220911 15:48:38.681" endtime="20220911 15:48:39.152">No keyword with name 'Update Saucelabs Test Result' found.</status>
</kw>
<tag>Collection</tag>
<status status="FAIL" starttime="20220911 15:48:22.860" endtime="20220911 15:48:39.152">Element 'xpath=//*[@id="menu-item-1131"]/a' not visible after 5 seconds.

Also teardown failed:
No keyword with name 'Update Saucelabs Test Result' found.</status>
</test>
<test id="s1-t5" name="Use should be able to navigate the &quot;Contact&quot; page" line="27">
<kw name="Begin Web Test" library="Common" type="SETUP">
<kw name="Open Browser" library="SeleniumLibrary">
<arg>about:blank</arg>
<arg>${BROWSER}</arg>
<arg>remote_url=${REMOTE_URL}</arg>
<arg>desired_capabilities=${DESIRED_CAPABILITIES}</arg>
<doc>Opens a new browser instance to the optional ``url``.</doc>
<msg timestamp="20220911 15:48:39.152" level="INFO">Opening browser 'chrome' to base url 'about:blank' through remote server at 'https://oauth-estradarichard1995-74e6a:94f3f937-e0c9-4b4a-82b6-bc4ae50187d9@ondemand.eu-central-1.saucelabs.com:443/wd/hub'.</msg>
<status status="PASS" starttime="20220911 15:48:39.152" endtime="20220911 15:48:47.005"/>
</kw>
<status status="PASS" starttime="20220911 15:48:39.152" endtime="20220911 15:48:47.005"/>
</kw>
<kw name="Navigate to &quot;Contact&quot; Page" library="Navigation">
<kw name="Load" library="LandingPage">
<kw name="Go To" library="SeleniumLibrary">
<arg>${BASE_URL.${ENVIRONMENT}}</arg>
<doc>Navigates the current browser window to the provided ``url``.</doc>
<msg timestamp="20220911 15:48:47.005" level="INFO">Opening url 'http://localhost/r-shop/'</msg>
<status status="PASS" starttime="20220911 15:48:47.005" endtime="20220911 15:48:47.965"/>
</kw>
<kw name="Maximize Browser Window" library="SeleniumLibrary">
<doc>Maximizes current browser window.</doc>
<status status="PASS" starttime="20220911 15:48:47.965" endtime="20220911 15:48:48.232"/>
</kw>
<status status="PASS" starttime="20220911 15:48:47.005" endtime="20220911 15:48:48.232"/>
</kw>
<kw name="Verify Page Loaded" library="LandingPage">
<kw name="Wait Until Page Contains" library="SeleniumLibrary">
<arg>Home</arg>
<doc>Waits until ``text`` appears on the current page.</doc>
<msg timestamp="20220911 15:48:54.173" level="INFO" html="true">&lt;/td&gt;&lt;/tr&gt;&lt;tr&gt;&lt;td colspan="3"&gt;&lt;a href="selenium-screenshot-6.png"&gt;&lt;img src="selenium-screenshot-6.png" width="800px"&gt;&lt;/a&gt;</msg>
<msg timestamp="20220911 15:48:54.173" level="FAIL">Text 'Home' did not appear in 5 seconds.</msg>
<status status="FAIL" starttime="20220911 15:48:48.232" endtime="20220911 15:48:54.173"/>
</kw>
<status status="FAIL" starttime="20220911 15:48:48.232" endtime="20220911 15:48:54.173"/>
</kw>
<kw name="Navigate to &quot;Contact&quot; Page" library="TopNav">
<status status="NOT RUN" starttime="20220911 15:48:54.173" endtime="20220911 15:48:54.173"/>
</kw>
<status status="FAIL" starttime="20220911 15:48:47.005" endtime="20220911 15:48:54.173"/>
</kw>
<kw name="End Web Test" library="Common" type="TEARDOWN">
<kw name="Run Keyword If" library="BuiltIn">
<arg>'${REMOTE_URL}' != ''</arg>
<arg>Update Saucelabs Test Result</arg>
<arg>${SUITE_NAME} | ${TEST_NAME}</arg>
<arg>${TEST_STATUS}</arg>
<arg>${TEST_TAGS}</arg>
<arg>${REMOTE_URL}</arg>
<doc>Runs the given keyword with the given arguments, if ``condition`` is true.</doc>
<kw name="Update Saucelabs Test Result">
<arg>${SUITE_NAME} | ${TEST_NAME}</arg>
<arg>${TEST_STATUS}</arg>
<arg>${TEST_TAGS}</arg>
<arg>${REMOTE_URL}</arg>
<msg timestamp="20220911 15:48:54.173" level="FAIL">No keyword with name 'Update Saucelabs Test Result' found.</msg>
<status status="FAIL" starttime="20220911 15:48:54.173" endtime="20220911 15:48:54.173"/>
</kw>
<status status="FAIL" starttime="20220911 15:48:54.173" endtime="20220911 15:48:54.173"/>
</kw>
<kw name="Close All Browsers" library="SeleniumLibrary">
<doc>Closes all open browsers and resets the browser cache.</doc>
<status status="PASS" starttime="20220911 15:48:54.173" endtime="20220911 15:48:54.565"/>
</kw>
<status status="FAIL" starttime="20220911 15:48:54.173" endtime="20220911 15:48:54.565">No keyword with name 'Update Saucelabs Test Result' found.</status>
</kw>
<tag>Contact</tag>
<status status="FAIL" starttime="20220911 15:48:39.152" endtime="20220911 15:48:54.565">Text 'Home' did not appear in 5 seconds.

Also teardown failed:
No keyword with name 'Update Saucelabs Test Result' found.</status>
</test>
<test id="s1-t6" name="Use should be able to navigate the &quot;My Accounts&quot; page" line="31">
<kw name="Begin Web Test" library="Common" type="SETUP">
<kw name="Open Browser" library="SeleniumLibrary">
<arg>about:blank</arg>
<arg>${BROWSER}</arg>
<arg>remote_url=${REMOTE_URL}</arg>
<arg>desired_capabilities=${DESIRED_CAPABILITIES}</arg>
<doc>Opens a new browser instance to the optional ``url``.</doc>
<msg timestamp="20220911 15:48:54.570" level="INFO">Opening browser 'chrome' to base url 'about:blank' through remote server at 'https://oauth-estradarichard1995-74e6a:94f3f937-e0c9-4b4a-82b6-bc4ae50187d9@ondemand.eu-central-1.saucelabs.com:443/wd/hub'.</msg>
<status status="PASS" starttime="20220911 15:48:54.570" endtime="20220911 15:49:02.387"/>
</kw>
<status status="PASS" starttime="20220911 15:48:54.570" endtime="20220911 15:49:02.387"/>
</kw>
<kw name="Navigate to &quot;My Accounts&quot; Page" library="Navigation">
<kw name="Load" library="LandingPage">
<kw name="Go To" library="SeleniumLibrary">
<arg>${BASE_URL.${ENVIRONMENT}}</arg>
<doc>Navigates the current browser window to the provided ``url``.</doc>
<msg timestamp="20220911 15:49:02.389" level="INFO">Opening url 'http://localhost/r-shop/'</msg>
<status status="PASS" starttime="20220911 15:49:02.389" endtime="20220911 15:49:03.360"/>
</kw>
<kw name="Maximize Browser Window" library="SeleniumLibrary">
<doc>Maximizes current browser window.</doc>
<status status="PASS" starttime="20220911 15:49:03.360" endtime="20220911 15:49:03.612"/>
</kw>
<status status="PASS" starttime="20220911 15:49:02.389" endtime="20220911 15:49:03.612"/>
</kw>
<kw name="Verify Page Loaded" library="LandingPage">
<kw name="Wait Until Page Contains" library="SeleniumLibrary">
<arg>Home</arg>
<doc>Waits until ``text`` appears on the current page.</doc>
<msg timestamp="20220911 15:49:09.613" level="INFO" html="true">&lt;/td&gt;&lt;/tr&gt;&lt;tr&gt;&lt;td colspan="3"&gt;&lt;a href="selenium-screenshot-7.png"&gt;&lt;img src="selenium-screenshot-7.png" width="800px"&gt;&lt;/a&gt;</msg>
<msg timestamp="20220911 15:49:09.613" level="FAIL">Text 'Home' did not appear in 5 seconds.</msg>
<status status="FAIL" starttime="20220911 15:49:03.612" endtime="20220911 15:49:09.613"/>
</kw>
<status status="FAIL" starttime="20220911 15:49:03.612" endtime="20220911 15:49:09.613"/>
</kw>
<kw name="Navigate to &quot;My Accounts&quot; Page" library="TopNav">
<status status="NOT RUN" starttime="20220911 15:49:09.613" endtime="20220911 15:49:09.613"/>
</kw>
<status status="FAIL" starttime="20220911 15:49:02.389" endtime="20220911 15:49:09.613"/>
</kw>
<kw name="End Web Test" library="Common" type="TEARDOWN">
<kw name="Run Keyword If" library="BuiltIn">
<arg>'${REMOTE_URL}' != ''</arg>
<arg>Update Saucelabs Test Result</arg>
<arg>${SUITE_NAME} | ${TEST_NAME}</arg>
<arg>${TEST_STATUS}</arg>
<arg>${TEST_TAGS}</arg>
<arg>${REMOTE_URL}</arg>
<doc>Runs the given keyword with the given arguments, if ``condition`` is true.</doc>
<kw name="Update Saucelabs Test Result">
<arg>${SUITE_NAME} | ${TEST_NAME}</arg>
<arg>${TEST_STATUS}</arg>
<arg>${TEST_TAGS}</arg>
<arg>${REMOTE_URL}</arg>
<msg timestamp="20220911 15:49:09.613" level="FAIL">No keyword with name 'Update Saucelabs Test Result' found.</msg>
<status status="FAIL" starttime="20220911 15:49:09.613" endtime="20220911 15:49:09.613"/>
</kw>
<status status="FAIL" starttime="20220911 15:49:09.613" endtime="20220911 15:49:09.613"/>
</kw>
<kw name="Close All Browsers" library="SeleniumLibrary">
<doc>Closes all open browsers and resets the browser cache.</doc>
<status status="PASS" starttime="20220911 15:49:09.613" endtime="20220911 15:49:09.965"/>
</kw>
<status status="FAIL" starttime="20220911 15:49:09.613" endtime="20220911 15:49:09.981">No keyword with name 'Update Saucelabs Test Result' found.</status>
</kw>
<tag>My Accounts</tag>
<status status="FAIL" starttime="20220911 15:48:54.570" endtime="20220911 15:49:09.981">Text 'Home' did not appear in 5 seconds.

Also teardown failed:
No keyword with name 'Update Saucelabs Test Result' found.</status>
</test>
<doc>This Test Suite verifies if all pages are accessible by all users.</doc>
<status status="FAIL" starttime="20220911 15:47:32.144" endtime="20220911 15:49:09.983"/>
</suite>
<statistics>
<total>
<stat pass="0" fail="6" skip="0">All Tests</stat>
</total>
<tag>
<stat pass="0" fail="1" skip="0">Collection</stat>
<stat pass="0" fail="1" skip="0">Contact</stat>
<stat pass="0" fail="1" skip="0">current</stat>
<stat pass="0" fail="1" skip="0">currenttest</stat>
<stat pass="0" fail="1" skip="0">Home</stat>
<stat pass="0" fail="1" skip="0">My Accounts</stat>
<stat pass="0" fail="1" skip="0">Shop</stat>
<stat pass="0" fail="1" skip="0">Wishlist</stat>
</tag>
<suite>
<stat pass="0" fail="6" skip="0" id="s1" name="Pagenavigation">Pagenavigation</stat>
</suite>
</statistics>
<errors>
<msg timestamp="20220911 15:47:32.388" level="ERROR">Error in file 'C:\Users\estradar\Desktop\Test Automation\development\r-shop-tests\Resources\Common.robot' on line 3: Importing library 'Saucelabs' failed: ModuleNotFoundError: No module named 'Saucelabs'
Traceback (most recent call last):
  None
PYTHONPATH:
  C:\Users\estradar\AppData\Local\Programs\Python\Python310\Scripts\robot.exe
  C:\Users\estradar\AppData\Local\Programs\Python\Python310\python310.zip
  C:\Users\estradar\AppData\Local\Programs\Python\Python310\DLLs
  C:\Users\estradar\AppData\Local\Programs\Python\Python310\lib
  C:\Users\estradar\AppData\Local\Programs\Python\Python310
  C:\Users\estradar\AppData\Local\Programs\Python\Python310\lib\site-packages</msg>
</errors>
</robot>
